This is pdfTeX, Version 3.14159265-2.6-1.40.20 (TeX Live 2019) (preloaded format=pdflatex 2019.10.31)  27 NOV 2019 19:28
entering extended mode
 restricted \write18 enabled.
 %&-line parsing enabled.
**kubricks_manu.tex
(./kubricks_manu.tex
LaTeX2e <2019-10-01> patch level 1
(/home/alexey/bin/local/texlive/2019/texmf-dist/tex/latex/base/report.cls
Document Class: report 2019/08/27 v1.4j Standard LaTeX document class
(/home/alexey/bin/local/texlive/2019/texmf-dist/tex/latex/base/size12.clo
File: size12.clo 2019/08/27 v1.4j Standard LaTeX file (size option)
)
\c@part=\count80
\c@chapter=\count81
\c@section=\count82
\c@subsection=\count83
\c@subsubsection=\count84
\c@paragraph=\count85
\c@subparagraph=\count86
\c@figure=\count87
\c@table=\count88
\abovecaptionskip=\skip41
\belowcaptionskip=\skip42
\bibindent=\dimen102
)
(/home/alexey/bin/local/texlive/2019/texmf-dist/tex/latex/graphics/graphicx.sty
Package: graphicx 2017/06/01 v1.1a Enhanced LaTeX Graphics (DPC,SPQR)
(/home/alexey/bin/local/texlive/2019/texmf-dist/tex/latex/graphics/keyval.sty
Package: keyval 2014/10/28 v1.15 key=value parser (DPC)
\KV@toks@=\toks14
)
(/home/alexey/bin/local/texlive/2019/texmf-dist/tex/latex/graphics/graphics.sty
Package: graphics 2019/10/08 v1.3c Standard LaTeX Graphics (DPC,SPQR)
(/home/alexey/bin/local/texlive/2019/texmf-dist/tex/latex/graphics/trig.sty
Package: trig 2016/01/03 v1.10 sin cos tan (DPC)
)
(/home/alexey/bin/local/texlive/2019/texmf-dist/tex/latex/graphics-cfg/graphics
.cfg
File: graphics.cfg 2016/06/04 v1.11 sample graphics configuration
)
Package graphics Info: Driver file: pdftex.def on input line 105.

(/home/alexey/bin/local/texlive/2019/texmf-dist/tex/latex/graphics-def/pdftex.d
ef
File: pdftex.def 2018/01/08 v1.0l Graphics/color driver for pdftex
))
\Gin@req@height=\dimen103
\Gin@req@width=\dimen104
)
(/home/alexey/bin/local/texlive/2019/texmf-dist/tex/latex/hyperref/hyperref.sty
Package: hyperref 2019/09/28 v7.00a Hypertext links for LaTeX

(/home/alexey/bin/local/texlive/2019/texmf-dist/tex/generic/oberdiek/hobsub-hyp
erref.sty
Package: hobsub-hyperref 2016/05/16 v1.14 Bundle oberdiek, subset hyperref (HO)


(/home/alexey/bin/local/texlive/2019/texmf-dist/tex/generic/oberdiek/hobsub-gen
eric.sty
Package: hobsub-generic 2016/05/16 v1.14 Bundle oberdiek, subset generic (HO)
Package: hobsub 2016/05/16 v1.14 Construct package bundles (HO)
Package: infwarerr 2016/05/16 v1.4 Providing info/warning/error messages (HO)
Package: ltxcmds 2016/05/16 v1.23 LaTeX kernel commands for general use (HO)
Package: ifluatex 2016/05/16 v1.4 Provides the ifluatex switch (HO)
Package ifluatex Info: LuaTeX not detected.
Package: ifvtex 2016/05/16 v1.6 Detect VTeX and its facilities (HO)
Package ifvtex Info: VTeX not detected.
Package: intcalc 2016/05/16 v1.2 Expandable calculations with integers (HO)
Package: ifpdf 2018/09/07 v3.3 Provides the ifpdf switch
Package: etexcmds 2016/05/16 v1.6 Avoid name clashes with e-TeX commands (HO)
Package: kvsetkeys 2016/05/16 v1.17 Key value parser (HO)
Package: kvdefinekeys 2016/05/16 v1.4 Define keys (HO)
Package: pdftexcmds 2019/07/25 v0.30 Utility functions of pdfTeX for LuaTeX (HO
)
Package pdftexcmds Info: LuaTeX not detected.
Package pdftexcmds Info: \pdf@primitive is available.
Package pdftexcmds Info: \pdf@ifprimitive is available.
Package pdftexcmds Info: \pdfdraftmode found.
Package: pdfescape 2016/05/16 v1.14 Implements pdfTeX's escape features (HO)
Package: bigintcalc 2016/05/16 v1.4 Expandable calculations on big integers (HO
)
Package: bitset 2016/05/16 v1.2 Handle bit-vector datatype (HO)
Package: uniquecounter 2016/05/16 v1.3 Provide unlimited unique counter (HO)
)
Package hobsub Info: Skipping package `hobsub' (already loaded).
Package: letltxmacro 2016/05/16 v1.5 Let assignment for LaTeX macros (HO)
Package: hopatch 2016/05/16 v1.3 Wrapper for package hooks (HO)
Package: xcolor-patch 2016/05/16 xcolor patch
Package: atveryend 2016/05/16 v1.9 Hooks at the very end of document (HO)
Package atveryend Info: \enddocument detected (standard20110627).
Package: atbegshi 2016/06/09 v1.18 At begin shipout hook (HO)
Package: refcount 2016/05/16 v3.5 Data extraction from label references (HO)
Package: hycolor 2016/05/16 v1.8 Color options for hyperref/bookmark (HO)
)
(/home/alexey/bin/local/texlive/2019/texmf-dist/tex/generic/ifxetex/ifxetex.sty
Package: ifxetex 2010/09/12 v0.6 Provides ifxetex conditional
)
(/home/alexey/bin/local/texlive/2019/texmf-dist/tex/latex/oberdiek/auxhook.sty
Package: auxhook 2016/05/16 v1.4 Hooks for auxiliary files (HO)
)
(/home/alexey/bin/local/texlive/2019/texmf-dist/tex/latex/oberdiek/kvoptions.st
y
Package: kvoptions 2016/05/16 v3.12 Key value format for package options (HO)
)
\@linkdim=\dimen105
\Hy@linkcounter=\count89
\Hy@pagecounter=\count90

(/home/alexey/bin/local/texlive/2019/texmf-dist/tex/latex/hyperref/pd1enc.def
File: pd1enc.def 2019/09/28 v7.00a Hyperref: PDFDocEncoding definition (HO)
Now handling font encoding PD1 ...
... no UTF-8 mapping file for font encoding PD1
)
\Hy@SavedSpaceFactor=\count91

(/home/alexey/bin/local/texlive/2019/texmf-dist/tex/latex/latexconfig/hyperref.
cfg
File: hyperref.cfg 2002/06/06 v1.2 hyperref configuration of TeXLive
)
Package hyperref Info: Hyper figures OFF on input line 4540.
Package hyperref Info: Link nesting OFF on input line 4545.
Package hyperref Info: Hyper index ON on input line 4548.
Package hyperref Info: Plain pages OFF on input line 4555.
Package hyperref Info: Backreferencing OFF on input line 4560.
Package hyperref Info: Implicit mode ON; LaTeX internals redefined.
Package hyperref Info: Bookmarks ON on input line 4793.
\c@Hy@tempcnt=\count92
 (/home/alexey/bin/local/texlive/2019/texmf-dist/tex/latex/url/url.sty
\Urlmuskip=\muskip10
Package: url 2013/09/16  ver 3.4  Verb mode for urls, etc.
)
LaTeX Info: Redefining \url on input line 5152.
\XeTeXLinkMargin=\dimen106
\Fld@menulength=\count93
\Field@Width=\dimen107
\Fld@charsize=\dimen108
Package hyperref Info: Hyper figures OFF on input line 6423.
Package hyperref Info: Link nesting OFF on input line 6428.
Package hyperref Info: Hyper index ON on input line 6431.
Package hyperref Info: backreferencing OFF on input line 6438.
Package hyperref Info: Link coloring OFF on input line 6443.
Package hyperref Info: Link coloring with OCG OFF on input line 6448.
Package hyperref Info: PDF/A mode OFF on input line 6453.
LaTeX Info: Redefining \ref on input line 6493.
LaTeX Info: Redefining \pageref on input line 6497.
\Hy@abspage=\count94
\c@Item=\count95
\c@Hfootnote=\count96
)
Package hyperref Info: Driver (autodetected): hpdftex.

(/home/alexey/bin/local/texlive/2019/texmf-dist/tex/latex/hyperref/hpdftex.def
File: hpdftex.def 2019/09/28 v7.00a Hyperref driver for pdfTeX
\Fld@listcount=\count97
\c@bookmark@seq@number=\count98

(/home/alexey/bin/local/texlive/2019/texmf-dist/tex/latex/oberdiek/rerunfileche
ck.sty
Package: rerunfilecheck 2016/05/16 v1.8 Rerun checks for auxiliary files (HO)
Package uniquecounter Info: New unique counter `rerunfilecheck' on input line 2
82.
)
\Hy@SectionHShift=\skip43
)
(/home/alexey/bin/local/texlive/2019/texmf-dist/tex/latex/geometry/geometry.sty
Package: geometry 2018/04/16 v5.8 Page Geometry
\Gm@cnth=\count99
\Gm@cntv=\count100
\c@Gm@tempcnt=\count101
\Gm@bindingoffset=\dimen109
\Gm@wd@mp=\dimen110
\Gm@odd@mp=\dimen111
\Gm@even@mp=\dimen112
\Gm@layoutwidth=\dimen113
\Gm@layoutheight=\dimen114
\Gm@layouthoffset=\dimen115
\Gm@layoutvoffset=\dimen116
\Gm@dimlist=\toks15
)
(/home/alexey/bin/local/texlive/2019/texmf-dist/tex/latex/paratype/paratype.sty
Package: paratype 2012/01/24 Style file for package paratype.
(/home/alexey/bin/local/texlive/2019/texmf-dist/tex/latex/paratype/PTSans.sty
Package: PTSans 2011/02/09 Style file for PTSans.
)
(/home/alexey/bin/local/texlive/2019/texmf-dist/tex/latex/paratype/PTSerif.sty
Package: PTSerif 2011/02/10 Style file for PTSerif.
) (/home/alexey/bin/local/texlive/2019/texmf-dist/tex/latex/paratype/PTMono.sty
Package: PTMono 2012/01/24 Style file for PTMono.
)) (./kubricks_manu.aux)
\openout1 = `kubricks_manu.aux'.

LaTeX Font Info:    Checking defaults for OML/cmm/m/it on input line 31.
LaTeX Font Info:    ... okay on input line 31.
LaTeX Font Info:    Checking defaults for T1/cmr/m/n on input line 31.
LaTeX Font Info:    ... okay on input line 31.
LaTeX Font Info:    Checking defaults for OT1/cmr/m/n on input line 31.
LaTeX Font Info:    ... okay on input line 31.
LaTeX Font Info:    Checking defaults for OMS/cmsy/m/n on input line 31.
LaTeX Font Info:    ... okay on input line 31.
LaTeX Font Info:    Checking defaults for OMX/cmex/m/n on input line 31.
LaTeX Font Info:    ... okay on input line 31.
LaTeX Font Info:    Checking defaults for U/cmr/m/n on input line 31.
LaTeX Font Info:    ... okay on input line 31.
LaTeX Font Info:    Checking defaults for PD1/pdf/m/n on input line 31.
LaTeX Font Info:    ... okay on input line 31.
LaTeX Font Info:    Trying to load font information for OT1+PTSerif-TLF on inpu
t line 31.

(/home/alexey/bin/local/texlive/2019/texmf-dist/tex/latex/paratype/OT1PTSerif-T
LF.fd
File: OT1PTSerif-TLF.fd 2014/02/02 Font definitions for OT1/PTSerif-TLF.
)
(/home/alexey/bin/local/texlive/2019/texmf-dist/tex/context/base/mkii/supp-pdf.
mkii
[Loading MPS to PDF converter (version 2006.09.02).]
\scratchcounter=\count102
\scratchdimen=\dimen117
\scratchbox=\box27
\nofMPsegments=\count103
\nofMParguments=\count104
\everyMPshowfont=\toks16
\MPscratchCnt=\count105
\MPscratchDim=\dimen118
\MPnumerator=\count106
\makeMPintoPDFobject=\count107
\everyMPtoPDFconversion=\toks17
)
(/home/alexey/bin/local/texlive/2019/texmf-dist/tex/latex/oberdiek/epstopdf-bas
e.sty
Package: epstopdf-base 2016/05/15 v2.6 Base part for package epstopdf

(/home/alexey/bin/local/texlive/2019/texmf-dist/tex/latex/oberdiek/grfext.sty
Package: grfext 2016/05/16 v1.2 Manage graphics extensions (HO)
)
Package epstopdf-base Info: Redefining graphics rule for `.eps' on input line 4
38.
Package grfext Info: Graphics extension search list:
(grfext)             [.pdf,.png,.jpg,.mps,.jpeg,.jbig2,.jb2,.PDF,.PNG,.JPG,.JPE
G,.JBIG2,.JB2,.eps]
(grfext)             \AppendGraphicsExtensions on input line 456.

(/home/alexey/bin/local/texlive/2019/texmf-dist/tex/latex/latexconfig/epstopdf-
sys.cfg
File: epstopdf-sys.cfg 2010/07/13 v1.3 Configuration of (r)epstopdf for TeX Liv
e
))
\AtBeginShipoutBox=\box28
Package hyperref Info: Link coloring OFF on input line 31.

(/home/alexey/bin/local/texlive/2019/texmf-dist/tex/latex/hyperref/nameref.sty
Package: nameref 2019/09/16 v2.46 Cross-referencing by name of section

(/home/alexey/bin/local/texlive/2019/texmf-dist/tex/generic/oberdiek/gettitlest
ring.sty
Package: gettitlestring 2016/05/16 v1.5 Cleanup title references (HO)
)
\c@section@level=\count108
)
LaTeX Info: Redefining \ref on input line 31.
LaTeX Info: Redefining \pageref on input line 31.
LaTeX Info: Redefining \nameref on input line 31.
 (./kubricks_manu.out) (./kubricks_manu.out)
\@outlinefile=\write3
\openout3 = `kubricks_manu.out'.


*geometry* driver: auto-detecting
*geometry* detected driver: pdftex
*geometry* verbose mode - [ preamble ] result:
* driver: pdftex
* paper: custom
* layout: <same size as paper>
* layoutoffset:(h,v)=(0.0pt,0.0pt)
* modes: 
* h-part:(L,W,R)=(39.83385pt, 341.43309pt, 39.83385pt)
* v-part:(T,H,B)=(73.97716pt, 483.69687pt, 39.83385pt)
* \paperwidth=421.10078pt
* \paperheight=597.50787pt
* \textwidth=341.43309pt
* \textheight=483.69687pt
* \oddsidemargin=-32.43614pt
* \evensidemargin=-32.43614pt
* \topmargin=-35.29283pt
* \headheight=12.0pt
* \headsep=25.0pt
* \topskip=12.0pt
* \footskip=30.0pt
* \marginparwidth=44.0pt
* \marginparsep=10.0pt
* \columnsep=10.0pt
* \skip\footins=10.8pt plus 4.0pt minus 2.0pt
* \hoffset=0.0pt
* \voffset=0.0pt
* \mag=1000
* \@twocolumnfalse
* \@twosidefalse
* \@mparswitchfalse
* \@reversemarginfalse
* (1in=72.27pt=25.4mm, 1cm=28.453pt)

LaTeX Font Info:    External font `cmex10' loaded for size
(Font)              <14.4> on input line 34.
LaTeX Font Info:    External font `cmex10' loaded for size
(Font)              <7> on input line 34.
[1

{/home/alexey/bin/local/texlive/2019/texmf-var/fonts/map/pdftex/updmap/pdftex.m
ap}]
LaTeX Font Info:    Font shape `OT1/PTSerif-TLF/bx/n' in size <24.88> not avail
able
(Font)              Font shape `OT1/PTSerif-TLF/b/n' tried instead on input lin
e 35.
 (./kubricks_manu.toc
LaTeX Font Info:    External font `cmex10' loaded for size
(Font)              <12> on input line 1.
LaTeX Font Info:    External font `cmex10' loaded for size
(Font)              <8> on input line 1.
LaTeX Font Info:    External font `cmex10' loaded for size
(Font)              <6> on input line 1.
)
\tf@toc=\write4
\openout4 = `kubricks_manu.toc'.

LaTeX Font Info:    Font shape `OT1/PTSerif-TLF/bx/n' in size <12> not availabl
e
(Font)              Font shape `OT1/PTSerif-TLF/b/n' tried instead on input lin
e 44.
 (./0body
LaTeX Font Info:    Font shape `OT1/PTSerif-TLF/bx/n' in size <17.28> not avail
able
(Font)              Font shape `OT1/PTSerif-TLF/b/n' tried instead on input lin
e 1.
LaTeX Font Info:    Font shape `OT1/PTSerif-TLF/bx/it' in size <17.28> not avai
lable
(Font)              Font shape `OT1/PTSerif-TLF/b/it' tried instead on input li
ne 1.
LaTeX Font Info:    Font shape `OT1/PTSerif-TLF/bx/it' in size <12> not availab
le
(Font)              Font shape `OT1/PTSerif-TLF/b/it' tried instead on input li
ne 1.
LaTeX Font Info:    Font shape `OT1/PTSerif-TLF/bx/n' in size <10.95> not avail
able
(Font)              Font shape `OT1/PTSerif-TLF/b/n' tried instead on input lin
e 1.
<images/kubrick_l.pdf, id=30, 105.1193pt x 106.28145pt>
File: images/kubrick_l.pdf Graphic file (type pdf)
<use images/kubrick_l.pdf>
Package pdftex.def Info: images/kubrick_l.pdf  used on input line 1.
(pdftex.def)             Requested size: 105.11902pt x 106.28119pt.
<images/kubrick_l2.pdf, id=31, 105.1193pt x 106.28145pt>
File: images/kubrick_l2.pdf Graphic file (type pdf)
<use images/kubrick_l2.pdf>
Package pdftex.def Info: images/kubrick_l2.pdf  used on input line 1.
(pdftex.def)             Requested size: 105.11902pt x 106.28119pt.
pdfTeX warning (ext4): destination with the same identifier (name{page.1}) has 
been already used, duplicate ignored
<to be read again> 
                   \relax 
l.2 
     [1

]
<images/kubrick_a.pdf, id=38, 110.55312pt x 111.41624pt>
File: images/kubrick_a.pdf Graphic file (type pdf)
<use images/kubrick_a.pdf>
Package pdftex.def Info: images/kubrick_a.pdf  used on input line 3.
(pdftex.def)             Requested size: 110.55283pt x 111.41597pt.
<images/kubrick_e.pdf, id=39, 110.58902pt x 111.41624pt>
File: images/kubrick_e.pdf Graphic file (type pdf)
<use images/kubrick_e.pdf>
Package pdftex.def Info: images/kubrick_e.pdf  used on input line 5.
(pdftex.def)             Requested size: 110.58873pt x 111.41597pt.
 [2 <./images/kubrick_l.pdf> <./images/kubrick_l2.pdf

pdfTeX warning: pdflatex (file ./images/kubrick_l2.pdf): PDF inclusion: multipl
e pdfs with page group included in a single page
> <./images/kubrick_a.pdf

pdfTeX warning: pdflatex (file ./images/kubrick_a.pdf): PDF inclusion: multiple
 pdfs with page group included in a single page
>]
<images/kubrick_f.pdf, id=49, 110.4125pt x 111.64178pt>
File: images/kubrick_f.pdf Graphic file (type pdf)
<use images/kubrick_f.pdf>
Package pdftex.def Info: images/kubrick_f.pdf  used on input line 7.
(pdftex.def)             Requested size: 110.41222pt x 111.6415pt.
<images/kubrick_g.pdf, id=50, 110.55312pt x 111.41624pt>
File: images/kubrick_g.pdf Graphic file (type pdf)
<use images/kubrick_g.pdf>
Package pdftex.def Info: images/kubrick_g.pdf  used on input line 9.
(pdftex.def)             Requested size: 110.55283pt x 111.41597pt.
 [3 <./images/kubrick_e.pdf> <./images/kubrick_f.pdf

pdfTeX warning: pdflatex (file ./images/kubrick_f.pdf): PDF inclusion: multiple
 pdfs with page group included in a single page
>]
<images/kubrick_j.pdf, id=58, 110.42668pt x 111.73845pt>
File: images/kubrick_j.pdf Graphic file (type pdf)
<use images/kubrick_j.pdf>
Package pdftex.def Info: images/kubrick_j.pdf  used on input line 11.
(pdftex.def)             Requested size: 110.4264pt x 111.73817pt.
<images/kubrick_h.pdf, id=59, 110.58902pt x 111.41624pt>
File: images/kubrick_h.pdf Graphic file (type pdf)
<use images/kubrick_h.pdf>
Package pdftex.def Info: images/kubrick_h.pdf  used on input line 13.
(pdftex.def)             Requested size: 110.58873pt x 111.41597pt.
 [4 <./images/kubrick_g.pdf> <./images/kubrick_j.pdf

pdfTeX warning: pdflatex (file ./images/kubrick_j.pdf): PDF inclusion: multiple
 pdfs with page group included in a single page
>]
<images/kubrick_b.pdf, id=67, 110.4125pt x 148.555pt>
File: images/kubrick_b.pdf Graphic file (type pdf)
<use images/kubrick_b.pdf>
Package pdftex.def Info: images/kubrick_b.pdf  used on input line 15.
(pdftex.def)             Requested size: 110.41222pt x 148.55463pt.
<images/kubrick_c.pdf, id=68, 223.42317pt x 160.25659pt>
File: images/kubrick_c.pdf Graphic file (type pdf)
<use images/kubrick_c.pdf>
Package pdftex.def Info: images/kubrick_c.pdf  used on input line 17.
(pdftex.def)             Requested size: 223.42262pt x 160.2562pt.
 [5 <./images/kubrick_h.pdf> <./images/kubrick_b.pdf

pdfTeX warning: pdflatex (file ./images/kubrick_b.pdf): PDF inclusion: multiple
 pdfs with page group included in a single page
>]
<images/kubrick_d.pdf, id=76, 110.42668pt x 149.4166pt>
File: images/kubrick_d.pdf Graphic file (type pdf)
<use images/kubrick_d.pdf>
Package pdftex.def Info: images/kubrick_d.pdf  used on input line 19.
(pdftex.def)             Requested size: 110.4264pt x 149.41621pt.
<images/kubrick_i.pdf, id=77, 110.4125pt x 148.75575pt>
File: images/kubrick_i.pdf Graphic file (type pdf)
<use images/kubrick_i.pdf>
Package pdftex.def Info: images/kubrick_i.pdf  used on input line 21.
(pdftex.def)             Requested size: 110.41222pt x 148.75537pt.
 [6 <./images/kubrick_c.pdf> <./images/kubrick_d.pdf

pdfTeX warning: pdflatex (file ./images/kubrick_d.pdf): PDF inclusion: multiple
 pdfs with page group included in a single page
>]
<images/kubrick_k.pdf, id=86, 110.48907pt x 149.43594pt>
File: images/kubrick_k.pdf Graphic file (type pdf)
<use images/kubrick_k.pdf>
Package pdftex.def Info: images/kubrick_k.pdf  used on input line 23.
(pdftex.def)             Requested size: 110.4888pt x 149.43558pt.
)
Package atveryend Info: Empty hook `BeforeClearDocument' on input line 50.
 [7 <./images/kubrick_i.pdf> <./images/kubrick_k.pdf

pdfTeX warning: pdflatex (file ./images/kubrick_k.pdf): PDF inclusion: multiple
 pdfs with page group included in a single page
>]
Package atveryend Info: Empty hook `AfterLastShipout' on input line 50.
 (./kubricks_manu.aux)
Package atveryend Info: Executing hook `AtVeryEndDocument' on input line 50.
Package atveryend Info: Executing hook `AtEndAfterFileList' on input line 50.
Package rerunfilecheck Info: File `kubricks_manu.out' has not changed.
(rerunfilecheck)             Checksum: CA38D7EF48CB64B4853A508EA95185A4;219.
Package atveryend Info: Empty hook `AtVeryVeryEnd' on input line 50.
 ) 
Here is how much of TeX's memory you used:
 5706 strings out of 492150
 87448 string characters out of 6119295
 178845 words of memory out of 5000000
 10006 multiletter control sequences out of 15000+600000
 27290 words of font info for 39 fonts, out of 8000000 for 9000
 1155 hyphenation exceptions out of 8191
 31i,6n,29p,206b,329s stack positions out of 5000i,500n,10000p,200000b,80000s
{/home/alexey/bin/local/texlive/2019/texmf-dist/fonts/enc/dvips/paratype/ptse
rif_ot1.enc}</home/alexey/bin/local/texlive/2019/texmf-dist/fonts/type1/paratyp
e/ptserif/PTF55F.pfb></home/alexey/bin/local/texlive/2019/texmf-dist/fonts/type
1/paratype/ptserif/PTF56F.pfb></home/alexey/bin/local/texlive/2019/texmf-dist/f
onts/type1/paratype/ptserif/PTF75F.pfb></home/alexey/bin/local/texlive/2019/tex
mf-dist/fonts/type1/paratype/ptserif/PTF76F.pfb>
Output written on kubricks_manu.pdf (8 pages, 51757 bytes).
PDF statistics:
 116 PDF objects out of 1000 (max. 8388607)
 88 compressed objects within 1 object stream
 13 named destinations out of 1000 (max. 500000)
 98 words of extra memory for PDF output out of 10000 (max. 10000000)

